/lib/x86_64-linux-gnu/libblkid.so.1
/lib/x86_64-linux-gnu/libc.so.6
/lib/x86_64-linux-gnu/libcap-ng.so.0
/lib/x86_64-linux-gnu/libffi.so.8
/lib/x86_64-linux-gnu/libgcrypt.so.20
/lib/x86_64-linux-gnu/libgio-2.0.so.0
/lib/x86_64-linux-gnu/libglib-2.0.so.0
/lib/x86_64-linux-gnu/libgmodule-2.0.so.0
/lib/x86_64-linux-gnu/libgmp.so.10
/lib/x86_64-linux-gnu/libgnutls.so.30
/lib/x86_64-linux-gnu/libgobject-2.0.so.0
/lib/x86_64-linux-gnu/libgpg-error.so.0
/lib/x86_64-linux-gnu/libgssapi_krb5.so.2
/lib/x86_64-linux-gnu/libhogweed.so.6
/lib/x86_64-linux-gnu/libidn2.so.0
/lib/x86_64-linux-gnu/libk5crypto.so.3
/lib/x86_64-linux-gnu/libkeyutils.so.1
/lib/x86_64-linux-gnu/libkrb5.so.3
/lib/x86_64-linux-gnu/libkrb5support.so.0
/lib/x86_64-linux-gnu/liblber-2.5.so.0
/lib/x86_64-linux-gnu/libldap-2.5.so.0
/lib/x86_64-linux-gnu/liblz4.so.1
/lib/x86_64-linux-gnu/liblzma.so.5
/lib/x86_64-linux-gnu/libmount.so.1
/lib/x86_64-linux-gnu/libnettle.so.8
/lib/x86_64-linux-gnu/libnghttp2.so.14
/lib/x86_64-linux-gnu/libp11-kit.so.0
/lib/x86_64-linux-gnu/libpcre2-8.so.0
/lib/x86_64-linux-gnu/libpsl.so.5
/lib/x86_64-linux-gnu/libresolv.so.2
/lib/x86_64-linux-gnu/librt.so.1
/lib/x86_64-linux-gnu/librtmp.so.1
/lib/x86_64-linux-gnu/libsasl2.so.2
/lib/x86_64-linux-gnu/libselinux.so.1
/lib/x86_64-linux-gnu/libssh2.so.1
/lib/x86_64-linux-gnu/libssl.so.3
/lib/x86_64-linux-gnu/libstdc++.so.6
/lib/x86_64-linux-gnu/libsystemd.so.0
/lib/x86_64-linux-gnu/libtasn1.so.6
/lib/x86_64-linux-gnu/libtirpc.so.3
/lib/x86_64-linux-gnu/libunistring.so.2
/lib/x86_64-linux-gnu/libz.so.1
/lib/x86_64-linux-gnu/libzstd.so.1
/opt/eset/eea/lib/libcommon.so
/opt/eset/eea/lib/libprotobuf.so.32
/opt/eset/eea/lib/vapm/libwaapi.so.4
/opt/eset/eea/lib/vapm/libwaheap.so.4
/opt/eset/eea/lib/vapm/libwautils.so.4
/opt/eset/eea/lib/vapm/libwavmodapi.so
/opt/eset/eea/sbin/../lib/libprotobuf.so.32
/usr/lib/x86_64-linux-gnu/systemd/libsystemd-core-252.so
/usr/lib/x86_64-linux-gnu/systemd/libsystemd-shared-252.so