/bin/cat
/bin/mount
/bin/readlink
/bin/umount
/etc/audit/auditd.conf
/etc/audit/plugins.d
/etc/audit/plugins.d/
/etc/audit/plugins.d//af_unix.conf
/etc/audit/plugins.d/af_unix.conf
/etc/debian_version
/etc/default/locale
/etc/e2scrub.conf
/etc/fstab
/etc/group
/etc/host.conf
/etc/hostname
/etc/hosts
/etc/init.d
/etc/issue
/etc/ld.so.cache
/etc/localtime
/etc/machine-id
/etc/mtab
/etc/nsswitch.conf
/etc/os-release
/etc/passwd
/etc/polkit-1
/etc/polkit-1/rules.d
/etc/rc1.d
/etc/rc2.d
/etc/rc3.d
/etc/rc4.d
/etc/rc5.d
/etc/resolv.conf
/etc/services
/etc/ssl/certs
/etc/ssl/certs/ca-certificates.crt
/etc/ssl/openssl.cnf
/lib/modprobe.d/fbdev-blacklist.conf
/lib/x86_64-linux-gnu/libacl.so.1
/lib/x86_64-linux-gnu/libapparmor.so.1
/lib/x86_64-linux-gnu/libaudit.so.1
/lib/x86_64-linux-gnu/libauparse.so.0
/lib/x86_64-linux-gnu/libblkid.so.1
/lib/x86_64-linux-gnu/libbrotlicommon.so.1
/lib/x86_64-linux-gnu/libbrotlidec.so.1
/lib/x86_64-linux-gnu/libc.so.6
/lib/x86_64-linux-gnu/libcap-ng.so.0
/lib/x86_64-linux-gnu/libcap.so.2
/lib/x86_64-linux-gnu/libcom_err.so.2
/lib/x86_64-linux-gnu/libcrypt.so.1
/lib/x86_64-linux-gnu/libcrypto.so.3
/lib/x86_64-linux-gnu/libcurl.so.4
/lib/x86_64-linux-gnu/libdbus-1.so.3
/lib/x86_64-linux-gnu/libdl.so.2
/lib/x86_64-linux-gnu/libexpat.so.1
/lib/x86_64-linux-gnu/libffi.so.8
/lib/x86_64-linux-gnu/libgcc_s.so.1
/lib/x86_64-linux-gnu/libgcrypt.so.20
/lib/x86_64-linux-gnu/libgmp.so.10
/lib/x86_64-linux-gnu/libgnutls.so.30
/lib/x86_64-linux-gnu/libgpg-error.so.0
/lib/x86_64-linux-gnu/libgssapi_krb5.so.2
/lib/x86_64-linux-gnu/libhogweed.so.6
/lib/x86_64-linux-gnu/libidn2.so.0
/lib/x86_64-linux-gnu/libip4tc.so.2
/lib/x86_64-linux-gnu/libk5crypto.so.3
/lib/x86_64-linux-gnu/libkeyutils.so.1
/lib/x86_64-linux-gnu/libkmod.so.2
/lib/x86_64-linux-gnu/libkrb5.so.3
/lib/x86_64-linux-gnu/libkrb5support.so.0
/lib/x86_64-linux-gnu/liblber-2.5.so.0
/lib/x86_64-linux-gnu/libldap-2.5.so.0
/lib/x86_64-linux-gnu/liblz4.so.1
/lib/x86_64-linux-gnu/liblzma.so.5
/lib/x86_64-linux-gnu/libm.so.6
/lib/x86_64-linux-gnu/libmount.so.1
/lib/x86_64-linux-gnu/libnettle.so.8
/lib/x86_64-linux-gnu/libnghttp2.so.14
/lib/x86_64-linux-gnu/libnsl.so.2
/lib/x86_64-linux-gnu/libnss_systemd.so.2
/lib/x86_64-linux-gnu/libp11-kit.so.0
/lib/x86_64-linux-gnu/libpam.so.0
/lib/x86_64-linux-gnu/libpcre2-8.so.0
/lib/x86_64-linux-gnu/libpsl.so.5
/lib/x86_64-linux-gnu/libpthread.so.0
/lib/x86_64-linux-gnu/libresolv.so.2
/lib/x86_64-linux-gnu/librtmp.so.1
/lib/x86_64-linux-gnu/libsasl2.so.2
/lib/x86_64-linux-gnu/libseccomp.so.2
/lib/x86_64-linux-gnu/libselinux.so.1
/lib/x86_64-linux-gnu/libssh2.so.1
/lib/x86_64-linux-gnu/libssl.so.3
/lib/x86_64-linux-gnu/libsystemd.so.0
/lib/x86_64-linux-gnu/libtasn1.so.6
/lib/x86_64-linux-gnu/libtinfo.so.6
/lib/x86_64-linux-gnu/libtirpc.so.3
/lib/x86_64-linux-gnu/libudev.so.1
/lib/x86_64-linux-gnu/libunistring.so.2
/lib/x86_64-linux-gnu/libutil.so.1
/lib/x86_64-linux-gnu/libwrap.so.0
/lib/x86_64-linux-gnu/libz.so.1
/lib/x86_64-linux-gnu/libzstd.so.1
/opt/eset/eea/doc/modules_notice/NOTICE_mod
/opt/eset/eea/etc/WAP_DISABLED
/opt/eset/eea/etc/pkgid
/opt/eset/eea/lib/confd
/opt/eset/eea/lib/econnd
/opt/eset/eea/lib/egui
/opt/eset/eea/lib/execd
/opt/eset/eea/lib/install_scripts/check_start.sh
/opt/eset/eea/lib/install_scripts/launch_gui_all_users.sh
/opt/eset/eea/lib/libcommon.so
/opt/eset/eea/lib/libprotobuf.so.32
/opt/eset/eea/lib/licensed
/opt/eset/eea/lib/logd
/opt/eset/eea/lib/oaeventd
/opt/eset/eea/lib/odfeeder
/opt/eset/eea/lib/scand
/opt/eset/eea/lib/schedd
/opt/eset/eea/lib/updated
/opt/eset/eea/lib/utild
/opt/eset/eea/lib/vapmd
/opt/eset/eea/locale/en/LC_MESSAGES/eea.mo
/opt/eset/eea/log/blockedfileslog.dat
/opt/eset/eea/log/eventlog.dat
/opt/eset/eea/log/network.dat
/opt/eset/eea/log/ods/ndlz3WTAK.dat
/opt/eset/eea/log/ods/ndlz3WTAK.meta
/opt/eset/eea/log/ods/ndlz3WTAK.stat
/opt/eset/eea/log/sentfileslog.dat
/opt/eset/eea/log/threatlog.dat
/opt/eset/eea/log/urllog.dat
/opt/eset/eea/log/vascanlog.dat
/opt/eset/eea/sbin/../lib/libcommon.so
/opt/eset/eea/sbin/../lib/libprotobuf.so.32
/opt/eset/eea/sbin/startd
/root/.ssh
/sbin/agetty
/sbin/auditd
/sbin/e2scrub_all
/sbin/init
/usr/bin/awk
/usr/bin/bash
/usr/bin/cat
/usr/bin/cut
/usr/bin/dbus-daemon
/usr/bin/head
/usr/bin/journalctl
/usr/bin/killall
/usr/bin/loginctl
/usr/bin/lxc-start
/usr/bin/mount
/usr/bin/tr
/usr/bin/umount
/usr/bin/uname
/usr/bin/wc
/usr/bin/which
/usr/bin/which.debianutils
/usr/lib/libcap.so.2
/usr/lib/libcap.so.2.71
/usr/lib/libdbus-1.so.3
/usr/lib/libdbus-1.so.3.32.4
/usr/lib/libgcc_s.so.1
/usr/lib/liblxc.so.1
/usr/lib/liblxc.so.1.8.0
/usr/lib/libseccomp.so.2
/usr/lib/libseccomp.so.2.5.5
/usr/lib/locale/locale-archive
/usr/lib/lxc/rootfs
/usr/lib/modprobe.d
/usr/lib/modprobe.d/fbdev-blacklist.conf
/usr/lib/os-release
/usr/lib/ssl/cert.pem
/usr/lib/ssl/certs
/usr/lib/ssl/openssl.cnf
/usr/lib/x86_64-linux-gnu
/usr/lib/x86_64-linux-gnu/gconv/UTF-16.so
/usr/lib/x86_64-linux-gnu/gconv/gconv-modules.cache
/usr/lib/x86_64-linux-gnu/libacl.so.1.1.2301
/usr/lib/x86_64-linux-gnu/libapparmor.so.1.8.4
/usr/lib/x86_64-linux-gnu/libaudit.so.1.0.0
/usr/lib/x86_64-linux-gnu/libauparse.so.0.0.0
/usr/lib/x86_64-linux-gnu/libblkid.so.1.1.0
/usr/lib/x86_64-linux-gnu/libbrotlicommon.so.1.0.9
/usr/lib/x86_64-linux-gnu/libbrotlidec.so.1.0.9
/usr/lib/x86_64-linux-gnu/libc.so.6
/usr/lib/x86_64-linux-gnu/libcap-ng.so.0.0.0
/usr/lib/x86_64-linux-gnu/libcap.so.2.66
/usr/lib/x86_64-linux-gnu/libcom_err.so.2.1
/usr/lib/x86_64-linux-gnu/libcrypt.so.1.1.0
/usr/lib/x86_64-linux-gnu/libcrypto.so.3
/usr/lib/x86_64-linux-gnu/libcurl.so.4.8.0
/usr/lib/x86_64-linux-gnu/libdbus-1.so.3.32.4
/usr/lib/x86_64-linux-gnu/libdl.so.2
/usr/lib/x86_64-linux-gnu/libexpat.so.1.8.10
/usr/lib/x86_64-linux-gnu/libffi.so.8.1.2
/usr/lib/x86_64-linux-gnu/libgcc_s.so.1
/usr/lib/x86_64-linux-gnu/libgcrypt.so.20.4.1
/usr/lib/x86_64-linux-gnu/libgmp.so.10.4.1
/usr/lib/x86_64-linux-gnu/libgnutls.so.30.34.3
/usr/lib/x86_64-linux-gnu/libgpg-error.so.0.33.1
/usr/lib/x86_64-linux-gnu/libgssapi_krb5.so.2.2
/usr/lib/x86_64-linux-gnu/libhogweed.so.6.6
/usr/lib/x86_64-linux-gnu/libidn2.so.0.3.8
/usr/lib/x86_64-linux-gnu/libip4tc.so.2.0.0
/usr/lib/x86_64-linux-gnu/libk5crypto.so.3.1
/usr/lib/x86_64-linux-gnu/libkeyutils.so.1.10
/usr/lib/x86_64-linux-gnu/libkmod.so.2.4.0
/usr/lib/x86_64-linux-gnu/libkrb5.so.3.3
/usr/lib/x86_64-linux-gnu/libkrb5support.so.0.1
/usr/lib/x86_64-linux-gnu/liblber-2.5.so.0.1.8
/usr/lib/x86_64-linux-gnu/libldap-2.5.so.0.1.8
/usr/lib/x86_64-linux-gnu/liblz4.so.1.9.4
/usr/lib/x86_64-linux-gnu/liblzma.so.5.4.1
/usr/lib/x86_64-linux-gnu/libm.so.6
/usr/lib/x86_64-linux-gnu/libmount.so.1.1.0
/usr/lib/x86_64-linux-gnu/libnettle.so.8.6
/usr/lib/x86_64-linux-gnu/libnghttp2.so.14.24.1
/usr/lib/x86_64-linux-gnu/libnsl.so.2.0.1
/usr/lib/x86_64-linux-gnu/libnss_systemd.so.2
/usr/lib/x86_64-linux-gnu/libp11-kit.so.0.3.0
/usr/lib/x86_64-linux-gnu/libpam.so.0.85.1
/usr/lib/x86_64-linux-gnu/libpcre2-8.so.0.11.2
/usr/lib/x86_64-linux-gnu/libpsl.so.5.3.4
/usr/lib/x86_64-linux-gnu/libpthread.so.0
/usr/lib/x86_64-linux-gnu/libresolv.so.2
/usr/lib/x86_64-linux-gnu/librtmp.so.1
/usr/lib/x86_64-linux-gnu/libsasl2.so.2.0.25
/usr/lib/x86_64-linux-gnu/libseccomp.so.2.5.4
/usr/lib/x86_64-linux-gnu/libselinux.so.1
/usr/lib/x86_64-linux-gnu/libssh2.so.1.0.1
/usr/lib/x86_64-linux-gnu/libssl.so.3
/usr/lib/x86_64-linux-gnu/libsystemd.so.0.35.0
/usr/lib/x86_64-linux-gnu/libtasn1.so.6.6.3
/usr/lib/x86_64-linux-gnu/libtinfo.so.6.4
/usr/lib/x86_64-linux-gnu/libtirpc.so.3.0.0
/usr/lib/x86_64-linux-gnu/libudev.so.1.7.5
/usr/lib/x86_64-linux-gnu/libunistring.so.2.2.0
/usr/lib/x86_64-linux-gnu/libutil.so.1
/usr/lib/x86_64-linux-gnu/libwrap.so.0.7.6
/usr/lib/x86_64-linux-gnu/libz.so.1.2.13
/usr/lib/x86_64-linux-gnu/libzstd.so.1.5.4
/usr/sbin/agetty
/usr/sbin/auditd
/usr/sbin/e2scrub_all
/usr/share/lxc/config/common.conf
/usr/share/lxc/config/common.conf.d
/usr/share/lxc/config/common.conf.d/
/usr/share/lxc/config/common.seccomp
/usr/share/zoneinfo/Etc/UTC
/var/lib/dbus/machine-id
/var/lib/polkit-1
/var/lib/private
/var/log/README
/var/log/audit/audit.log
/var/log/btmp
/var/log/eset/eea/blockedfileslog.dat
/var/log/eset/eea/eventlog.dat
/var/log/eset/eea/network.dat
/var/log/eset/eea/ods/ndlz3WTAK.dat
/var/log/eset/eea/ods/ndlz3WTAK.meta
/var/log/eset/eea/ods/ndlz3WTAK.stat
/var/log/eset/eea/sentfileslog.dat
/var/log/eset/eea/threatlog.dat
/var/log/eset/eea/urllog.dat
/var/log/eset/eea/vascanlog.dat
/var/log/journal
/var/log/lastlog
/var/log/private
/var/log/wtmp
/var/opt/eset/eea/cache/
/var/opt/eset/eea/confd/settings.json
/var/opt/eset/eea/lib/em000_64.dat
/var/opt/eset/eea/lib/em001_64.dat
/var/opt/eset/eea/lib/em002_64.dat
/var/opt/eset/eea/lib/em003_64.dat
/var/opt/eset/eea/lib/em004_64.dat
/var/opt/eset/eea/lib/em005_64.dat
/var/opt/eset/eea/lib/em017_64.dat
/var/opt/eset/eea/lib/em019_64.dat
/var/opt/eset/eea/lib/em022_64.dat
/var/opt/eset/eea/lib/em023_64.dat
/var/opt/eset/eea/lib/em024_64.dat
/var/opt/eset/eea/lib/em029_64.dat
/var/opt/eset/eea/lib/em039_64.dat
/var/opt/eset/eea/lib/em042_64.dat
/var/opt/eset/eea/lib/em045_64.dat
/var/opt/eset/eea/lib/em052_64.dat
/var/opt/eset/eea/lib/em061_64.dat
/var/opt/eset/eea/licensed/license_cfg_10000.json
/var/opt/eset/eea/licensed/license_cfg_113.json
/var/opt/eset/eea/licensed/license_cfg_322.json
/var/opt/eset/eea/licensed/license_cfg_323.json
/var/opt/eset/eea/licensed/license_cfg_341.json
/var/opt/eset/eea/modules_notice/NOTICE_mod
/var/opt/eset/eea/storage/transient
/var/opt/eset/eea/storage/transient/confd
/var/opt/eset/eea/storage/transient/econnd
/var/opt/eset/eea/storage/transient/licensed
/var/opt/eset/eea/storage/transient/logd
/var/opt/eset/eea/storage/transient/oaeventd
/var/opt/eset/eea/storage/transient/scand
/var/opt/eset/eea/storage/transient/schedd
/var/opt/eset/eea/storage/transient/startd
/var/opt/eset/eea/storage/transient/updated
/var/opt/eset/eea/storage/transient/utild
/var/opt/eset/eea/updated/modules/backup/config.xml
/var/spool
/sbin/init
/lib/systemd/system-generators/cloud-init-generator